<?xml version="1.0" encoding="UTF-8" standalone="no"?>
<!DOCTYPE log SYSTEM "logger.dtd">
<log>
<record>
  <date>2019-01-07T17:17:17</date>
  <millis>1546861637264</millis>
  <sequence>0</sequence>
  <level>START</level>
  <class>com.kms.katalon.core.logging.XmlKeywordLogger</class>
  <method>startSuite</method>
  <thread>1</thread>
  <message>Start Test Suite : Test Suites/AstorWork</message>
  <nestedLevel>0</nestedLevel>
  <property name="name">AstorWork</property>
  <property name="description"></property>
  <property name="id">Test Suites/AstorWork</property>
</record>
<record>
  <date>2019-01-07T17:17:17</date>
  <millis>1546861637318</millis>
  <sequence>1</sequence>
  <level>RUN_DATA</level>
  <class>com.kms.katalon.core.logging.XmlKeywordLogger</class>
  <method>logMessage</method>
  <thread>1</thread>
  <message>hostName = Nikhil - 192.168.4.204</message>
  <nestedLevel>0</nestedLevel>
  <property name="hostName">Nikhil - 192.168.4.204</property>
</record>
<record>
  <date>2019-01-07T17:17:17</date>
  <millis>1546861637318</millis>
  <sequence>2</sequence>
  <level>RUN_DATA</level>
  <class>com.kms.katalon.core.logging.XmlKeywordLogger</class>
  <method>logMessage</method>
  <thread>1</thread>
  <message>os = Windows 10 64bit</message>
  <nestedLevel>0</nestedLevel>
  <property name="os">Windows 10 64bit</property>
</record>
<record>
  <date>2019-01-07T17:17:17</date>
  <millis>1546861637321</millis>
  <sequence>3</sequence>
  <level>RUN_DATA</level>
  <class>com.kms.katalon.core.logging.XmlKeywordLogger</class>
  <method>logMessage</method>
  <thread>1</thread>
  <message>hostAddress = 192.168.4.204</message>
  <nestedLevel>0</nestedLevel>
  <property name="hostAddress">192.168.4.204</property>
</record>
<record>
  <date>2019-01-07T17:17:17</date>
  <millis>1546861637322</millis>
  <sequence>4</sequence>
  <level>RUN_DATA</level>
  <class>com.kms.katalon.core.logging.XmlKeywordLogger</class>
  <method>logMessage</method>
  <thread>1</thread>
  <message>katalonVersion = 5.10.1.1</message>
  <nestedLevel>0</nestedLevel>
  <property name="katalonVersion">5.10.1.1</property>
</record>
<record>
  <date>2019-01-07T17:17:19</date>
  <millis>1546861639164</millis>
  <sequence>5</sequence>
  <level>START</level>
  <class>com.kms.katalon.core.logging.XmlKeywordLogger</class>
  <method>startTest</method>
  <thread>1</thread>
  <message>Start Test Case : Test Cases/AstorWork/TC_01_VerifyLogInToAstorWork</message>
  <nestedLevel>1</nestedLevel>
  <property name="name">Test Cases/AstorWork/TC_01_VerifyLogInToAstorWork</property>
  <property name="description"></property>
  <property name="id">Test Cases/AstorWork/TC_01_VerifyLogInToAstorWork</property>
  <property name="source">C:\\Users\\Nikhil\\Desktop\\Katalon\\AutomationProject\\Test Cases\\AstorWork\\TC_01_VerifyLogInToAstorWork.tc</property>
  <property name="isOptional">false</property>
</record>
<record>
  <date>2019-01-07T17:17:19</date>
  <millis>1546861639391</millis>
  <sequence>7</sequence>
  <level>INFO</level>
  <class>com.kms.katalon.core.logging.XmlKeywordLogger</class>
  <method>logMessage</method>
  <thread>1</thread>
  <message>(Default) ClickProjects = ********</message>
  <nestedLevel>1</nestedLevel>
</record>
<record>
  <date>2019-01-07T17:17:19</date>
  <millis>1546861639471</millis>
  <sequence>8</sequence>
  <level>INFO</level>
  <class>com.kms.katalon.core.logging.XmlKeywordLogger</class>
  <method>logMessage</method>
  <thread>1</thread>
  <message>(Default) StagesClick = Stages</message>
  <nestedLevel>1</nestedLevel>
</record>
<record>
  <date>2019-01-07T17:17:19</date>
  <millis>1546861639520</millis>
  <sequence>9</sequence>
  <level>INFO</level>
  <class>com.kms.katalon.core.logging.XmlKeywordLogger</class>
  <method>logMessage</method>
  <thread>1</thread>
  <message>(Default) Sites = Sites</message>
  <nestedLevel>1</nestedLevel>
</record>
<record>
  <date>2019-01-07T17:17:19</date>
  <millis>1546861639528</millis>
  <sequence>10</sequence>
  <level>START</level>
  <class>com.kms.katalon.core.logging.XmlKeywordLogger</class>
  <method>startKeyword</method>
  <thread>1</thread>
  <message>Start listener action : sampleBeforeTestCase</message>
  <nestedLevel>1</nestedLevel>
</record>
<record>
  <date>2019-01-07T17:17:19</date>
  <millis>1546861639571</millis>
  <sequence>12</sequence>
  <level>START</level>
  <class>com.kms.katalon.core.logging.XmlKeywordLogger</class>
  <method>startKeyword</method>
  <thread>1</thread>
  <message>Start action : openBrowser(\&amp;quot;\&amp;quot;)</message>
  <nestedLevel>1</nestedLevel>
  <property name="startLine">44</property>
  <property name="stepIndex">1</property>
</record>
<record>
  <date>2019-01-07T17:17:21</date>
  <millis>1546861641019</millis>
  <sequence>14</sequence>
  <level>INFO</level>
  <class>com.kms.katalon.core.logging.XmlKeywordLogger</class>
  <method>logMessage</method>
  <thread>1</thread>
  <message>Starting &amp;apos;Chrome&amp;apos; driver</message>
  <nestedLevel>1</nestedLevel>
</record>
<record>
  <date>2019-01-07T17:17:21</date>
  <millis>1546861641113</millis>
  <sequence>15</sequence>
  <level>INFO</level>
  <class>com.kms.katalon.core.logging.XmlKeywordLogger</class>
  <method>logMessage</method>
  <thread>1</thread>
  <message>Action delay is set to 0 seconds</message>
  <nestedLevel>1</nestedLevel>
</record>
<record>
  <date>2019-01-07T17:17:29</date>
  <millis>1546861649669</millis>
  <sequence>17</sequence>
  <level>RUN_DATA</level>
  <class>com.kms.katalon.core.logging.XmlKeywordLogger</class>
  <method>logMessage</method>
  <thread>1</thread>
  <message>sessionId = b99a8c4b21460e4b9a08826da430c13d</message>
  <nestedLevel>1</nestedLevel>
  <property name="sessionId">b99a8c4b21460e4b9a08826da430c13d</property>
</record>
<record>
  <date>2019-01-07T17:17:29</date>
  <millis>1546861649796</millis>
  <sequence>18</sequence>
  <level>RUN_DATA</level>
  <class>com.kms.katalon.core.logging.XmlKeywordLogger</class>
  <method>logMessage</method>
  <thread>1</thread>
  <message>browser = Chrome 71.0.3578.98</message>
  <nestedLevel>1</nestedLevel>
  <property name="browser">Chrome 71.0.3578.98</property>
</record>
<record>
  <date>2019-01-07T17:17:29</date>
  <millis>1546861649797</millis>
  <sequence>19</sequence>
  <level>RUN_DATA</level>
  <class>com.kms.katalon.core.logging.XmlKeywordLogger</class>
  <method>logMessage</method>
  <thread>1</thread>
  <message>platform = Windows 10</message>
  <nestedLevel>1</nestedLevel>
  <property name="platform">Windows 10</property>
</record>
<record>
  <date>2019-01-07T17:17:29</date>
  <millis>1546861649800</millis>
  <sequence>20</sequence>
  <level>RUN_DATA</level>
  <class>com.kms.katalon.core.logging.XmlKeywordLogger</class>
  <method>logMessage</method>
  <thread>1</thread>
  <message>seleniumVersion = 3.7.1</message>
  <nestedLevel>1</nestedLevel>
  <property name="seleniumVersion">3.7.1</property>
</record>
<record>
  <date>2019-01-07T17:17:29</date>
  <millis>1546861649802</millis>
  <sequence>21</sequence>
  <level>RUN_DATA</level>
  <class>com.kms.katalon.core.logging.XmlKeywordLogger</class>
  <method>logMessage</method>
  <thread>1</thread>
  <message>proxyInformation = ProxyInformation{proxyOption=NO_PROXY, proxyServerType=HTTP, password=, proxyServerAddress=, proxyServerPort=0}</message>
  <nestedLevel>1</nestedLevel>
  <property name="proxyInformation">ProxyInformation{proxyOption=NO_PROXY, proxyServerType=HTTP, password=, proxyServerAddress=, proxyServerPort=0}</property>
</record>
<record>
  <date>2019-01-07T17:17:29</date>
  <millis>1546861649804</millis>
  <sequence>22</sequence>
  <level>PASSED</level>
  <class>com.kms.katalon.core.logging.XmlKeywordLogger</class>
  <method>logMessage</method>
  <thread>1</thread>
  <message>Browser is opened with url: &amp;apos;&amp;apos;</message>
  <nestedLevel>1</nestedLevel>
</record>
<record>
  <date>2019-01-07T17:17:29</date>
  <millis>1546861649806</millis>
  <sequence>23</sequence>
  <level>END</level>
  <class>com.kms.katalon.core.logging.XmlKeywordLogger</class>
  <method>endKeyword</method>
  <thread>1</thread>
  <message>End action : openBrowser(\&amp;quot;\&amp;quot;)</message>
  <nestedLevel>1</nestedLevel>
</record>
<record>
  <date>2019-01-07T17:17:29</date>
  <millis>1546861649806</millis>
  <sequence>24</sequence>
  <level>START</level>
  <class>com.kms.katalon.core.logging.XmlKeywordLogger</class>
  <method>startKeyword</method>
  <thread>1</thread>
  <message>Start action : maximizeWindow()</message>
  <nestedLevel>1</nestedLevel>
  <property name="startLine">45</property>
  <property name="stepIndex">2</property>
</record>
